c:\users\58472\desktop\hal\3rd year\gy\sampleprojectbase\sampleprojectbase\x64\debug\vc143.pdb
c:\users\58472\desktop\hal\3rd year\gy\sampleprojectbase\sampleprojectbase\x64\debug\vc143.idb
c:\users\58472\desktop\hal\3rd year\gy\sampleprojectbase\sampleprojectbase\x64\debug\sceneburstvector.obj
c:\users\58472\desktop\hal\3rd year\gy\sampleprojectbase\sampleprojectbase\x64\debug\sceneblank.obj
c:\users\58472\desktop\hal\3rd year\gy\sampleprojectbase\sampleprojectbase\x64\debug\scenebeziercurve.obj
c:\users\58472\desktop\hal\3rd year\gy\sampleprojectbase\sampleprojectbase\x64\debug\scenebase.obj
c:\users\58472\desktop\hal\3rd year\gy\sampleprojectbase\sampleprojectbase\x64\debug\sceneanimation.obj
c:\users\58472\desktop\hal\3rd year\gy\sampleprojectbase\sampleprojectbase\x64\debug\pointlight.obj
c:\users\58472\desktop\hal\3rd year\gy\sampleprojectbase\sampleprojectbase\x64\debug\movelight.obj
c:\users\58472\desktop\hal\3rd year\gy\sampleprojectbase\sampleprojectbase\x64\debug\model.obj
c:\users\58472\desktop\hal\3rd year\gy\sampleprojectbase\sampleprojectbase\x64\debug\main.obj
c:\users\58472\desktop\hal\3rd year\gy\sampleprojectbase\sampleprojectbase\x64\debug\geometory.obj
c:\users\58472\desktop\hal\3rd year\gy\sampleprojectbase\sampleprojectbase\x64\debug\meshbuffer.obj
c:\users\58472\desktop\hal\3rd year\gy\sampleprojectbase\sampleprojectbase\x64\debug\lightbase.obj
c:\users\58472\desktop\hal\3rd year\gy\sampleprojectbase\sampleprojectbase\x64\debug\input.obj
c:\users\58472\desktop\hal\3rd year\gy\sampleprojectbase\sampleprojectbase\x64\debug\directx.obj
c:\users\58472\desktop\hal\3rd year\gy\sampleprojectbase\sampleprojectbase\x64\debug\debuglog.obj
c:\users\58472\desktop\hal\3rd year\gy\sampleprojectbase\sampleprojectbase\x64\debug\camerawipe.obj
c:\users\58472\desktop\hal\3rd year\gy\sampleprojectbase\sampleprojectbase\x64\debug\camerawater.obj
c:\users\58472\desktop\hal\3rd year\gy\sampleprojectbase\sampleprojectbase\x64\debug\camerabase.obj
c:\users\58472\desktop\hal\3rd year\gy\sampleprojectbase\sampleprojectbase\x64\debug\cameradcc.obj
c:\users\58472\desktop\hal\3rd year\gy\sampleprojectbase\sampleprojectbase\x64\debug\ball.obj
c:\users\58472\desktop\hal\3rd year\gy\sampleprojectbase\sampleprojectbase\x64\debug\sceneroot.obj
c:\users\58472\desktop\hal\3rd year\gy\sampleprojectbase\sampleprojectbase\x64\debug\texture.obj
c:\users\58472\desktop\hal\3rd year\gy\sampleprojectbase\sampleprojectbase\x64\debug\startup.obj
c:\users\58472\desktop\hal\3rd year\gy\sampleprojectbase\sampleprojectbase\x64\debug\sprite.obj
c:\users\58472\desktop\hal\3rd year\gy\sampleprojectbase\sampleprojectbase\x64\debug\spotlight.obj
c:\users\58472\desktop\hal\3rd year\gy\sampleprojectbase\sampleprojectbase\x64\debug\shader.obj
c:\users\58472\desktop\hal\3rd year\gy\sampleprojectbase\sampleprojectbase\x64\debug\sceneshading.obj
c:\users\58472\desktop\hal\3rd year\gy\sampleprojectbase\sampleprojectbase\x64\debug\scenemoveobject.obj
c:\users\58472\desktop\hal\3rd year\gy\sampleprojectbase\sampleprojectbase\assets\shader\ps_gouraudshading.cso
c:\users\58472\desktop\hal\3rd year\gy\sampleprojectbase\sampleprojectbase\assets\shader\ps_phongshading.cso
c:\users\58472\desktop\hal\3rd year\gy\sampleprojectbase\sampleprojectbase\assets\shader\ps_phongspecular.cso
c:\users\58472\desktop\hal\3rd year\gy\sampleprojectbase\sampleprojectbase\assets\shader\ps_texcolor.cso
c:\users\58472\desktop\hal\3rd year\gy\sampleprojectbase\sampleprojectbase\assets\shader\vs_gouraudshading.cso
c:\users\58472\desktop\hal\3rd year\gy\sampleprojectbase\sampleprojectbase\assets\shader\vs_object.cso
c:\users\58472\desktop\hal\3rd year\gy\sampleprojectbase\sampleprojectbase\assets\shader\vs_skinmeshanimation.cso
c:\users\58472\desktop\hal\3rd year\gy\sampleprojectbase\sampleprojectbase\assets\shader\vs_worldposition.cso
c:\users\58472\desktop\hal\3rd year\gy\sampleprojectbase\x64\debug\gy_practice.exe
c:\users\58472\desktop\hal\3rd year\gy\sampleprojectbase\sampleprojectbase\x64\debug\gy_practice.ilk
c:\users\58472\desktop\hal\3rd year\gy\sampleprojectbase\x64\debug\gy_practice.pdb
c:\users\58472\desktop\hal\3rd year\gy\sampleprojectbase\sampleprojectbase\x64\debug\sampleprojectbase.ilk
c:\users\58472\desktop\hal\3rd year\gy\sampleprojectbase\sampleprojectbase\x64\debug\gy_practice.tlog\cl.command.1.tlog
c:\users\58472\desktop\hal\3rd year\gy\sampleprojectbase\sampleprojectbase\x64\debug\gy_practice.tlog\cl.read.1.tlog
c:\users\58472\desktop\hal\3rd year\gy\sampleprojectbase\sampleprojectbase\x64\debug\gy_practice.tlog\cl.write.1.tlog
c:\users\58472\desktop\hal\3rd year\gy\sampleprojectbase\sampleprojectbase\x64\debug\gy_practice.tlog\fxc.command.1.tlog
c:\users\58472\desktop\hal\3rd year\gy\sampleprojectbase\sampleprojectbase\x64\debug\gy_practice.tlog\fxc.read.1.tlog
c:\users\58472\desktop\hal\3rd year\gy\sampleprojectbase\sampleprojectbase\x64\debug\gy_practice.tlog\fxc.write.1.tlog
c:\users\58472\desktop\hal\3rd year\gy\sampleprojectbase\sampleprojectbase\x64\debug\gy_practice.tlog\link.command.1.tlog
c:\users\58472\desktop\hal\3rd year\gy\sampleprojectbase\sampleprojectbase\x64\debug\gy_practice.tlog\link.read.1.tlog
c:\users\58472\desktop\hal\3rd year\gy\sampleprojectbase\sampleprojectbase\x64\debug\gy_practice.tlog\link.write.1.tlog
